[2019-03-05 12:45:44] local.INFO: Twitch Login Listener:: {"provider":"twitch"} 
[2019-03-05 12:45:47] local.INFO: Following Streamer Listener:: {"Following:":"418464651"} 
[2019-03-05 12:46:01] local.INFO: CheckCurrentUser middlware was used: profile.edit.  ["[object] (App\\Models\\User: {\"id\":2,\"name\":\"vorusrm\",\"first_name\":\"vorusrm\",\"last_name\":\"\",\"email\":\"starmoshiur@gmail.com\",\"signup_ip_address\":null,\"signup_confirmation_ip_address\":null,\"signup_sm_ip_address\":\"0.0.0.0\",\"admin_ip_address\":null,\"updated_ip_address\":null,\"deleted_ip_address\":null,\"created_at\":\"2019-03-05 05:58:44\",\"updated_at\":\"2019-03-05 05:58:44\",\"deleted_at\":null,\"profile\":{\"id\":2,\"user_id\":2,\"location\":null,\"bio\":null,\"twitter_username\":null,\"github_username\":null,\"avatar\":null,\"avatar_status\":0,\"created_at\":\"2019-03-05 05:58:44\",\"updated_at\":\"2019-03-05 05:58:44\"}})"] 
[2019-03-05 12:46:10] local.INFO: CheckCurrentUser middlware was used: avatar.upload.  ["[object] (App\\Models\\User: {\"id\":2,\"name\":\"vorusrm\",\"first_name\":\"vorusrm\",\"last_name\":\"\",\"email\":\"starmoshiur@gmail.com\",\"signup_ip_address\":null,\"signup_confirmation_ip_address\":null,\"signup_sm_ip_address\":\"0.0.0.0\",\"admin_ip_address\":null,\"updated_ip_address\":null,\"deleted_ip_address\":null,\"created_at\":\"2019-03-05 05:58:44\",\"updated_at\":\"2019-03-05 05:58:44\",\"deleted_at\":null,\"profile\":{\"id\":2,\"user_id\":2,\"location\":null,\"bio\":null,\"twitter_username\":null,\"github_username\":null,\"avatar\":\"/images/profile/2/avatar/avatar.jpg\",\"avatar_status\":0,\"created_at\":\"2019-03-05 05:58:44\",\"updated_at\":\"2019-03-05 12:46:10\"}})"] 
[2019-03-05 12:46:10] local.INFO: CheckCurrentUser middlware was used: .  ["[object] (App\\Models\\User: {\"id\":2,\"name\":\"vorusrm\",\"first_name\":\"vorusrm\",\"last_name\":\"\",\"email\":\"starmoshiur@gmail.com\",\"signup_ip_address\":null,\"signup_confirmation_ip_address\":null,\"signup_sm_ip_address\":\"0.0.0.0\",\"admin_ip_address\":null,\"updated_ip_address\":null,\"deleted_ip_address\":null,\"created_at\":\"2019-03-05 05:58:44\",\"updated_at\":\"2019-03-05 05:58:44\",\"deleted_at\":null})"] 
[2019-03-05 12:46:14] local.INFO: CheckCurrentUser middlware was used: profile.update.  ["[object] (App\\Models\\User: {\"id\":2,\"name\":\"vorusrm\",\"first_name\":\"vorusrm\",\"last_name\":\"\",\"email\":\"starmoshiur@gmail.com\",\"signup_ip_address\":null,\"signup_confirmation_ip_address\":null,\"signup_sm_ip_address\":\"0.0.0.0\",\"admin_ip_address\":null,\"updated_ip_address\":null,\"deleted_ip_address\":null,\"created_at\":\"2019-03-05 05:58:44\",\"updated_at\":\"2019-03-05 05:58:44\",\"deleted_at\":null})"] 
[2019-03-05 12:46:14] local.INFO: CheckCurrentUser middlware was used: profile.edit.  ["[object] (App\\Models\\User: {\"id\":2,\"name\":\"vorusrm\",\"first_name\":\"vorusrm\",\"last_name\":\"\",\"email\":\"starmoshiur@gmail.com\",\"signup_ip_address\":null,\"signup_confirmation_ip_address\":null,\"signup_sm_ip_address\":\"0.0.0.0\",\"admin_ip_address\":null,\"updated_ip_address\":\"0.0.0.0\",\"deleted_ip_address\":null,\"created_at\":\"2019-03-05 05:58:44\",\"updated_at\":\"2019-03-05 12:46:14\",\"deleted_at\":null,\"profile\":{\"id\":2,\"user_id\":2,\"location\":null,\"bio\":null,\"twitter_username\":null,\"github_username\":null,\"avatar\":\"/images/profile/2/avatar/avatar.jpg\",\"avatar_status\":1,\"created_at\":\"2019-03-05 05:58:44\",\"updated_at\":\"2019-03-05 12:46:14\"}})"] 
[2019-03-05 12:46:14] local.INFO: CheckCurrentUser middlware was used: .  ["[object] (App\\Models\\User: {\"id\":2,\"name\":\"vorusrm\",\"first_name\":\"vorusrm\",\"last_name\":\"\",\"email\":\"starmoshiur@gmail.com\",\"signup_ip_address\":null,\"signup_confirmation_ip_address\":null,\"signup_sm_ip_address\":\"0.0.0.0\",\"admin_ip_address\":null,\"updated_ip_address\":\"0.0.0.0\",\"deleted_ip_address\":null,\"created_at\":\"2019-03-05 05:58:44\",\"updated_at\":\"2019-03-05 12:46:14\",\"deleted_at\":null})"] 
[2019-03-05 12:46:17] local.INFO: Following Streamer Listener:: {"Following:":"418464651"} 
[2019-03-05 12:46:28] local.INFO: CheckCurrentUser middlware was used: .  ["[object] (App\\Models\\User: {\"id\":2,\"name\":\"vorusrm\",\"first_name\":\"vorusrm\",\"last_name\":\"\",\"email\":\"starmoshiur@gmail.com\",\"signup_ip_address\":null,\"signup_confirmation_ip_address\":null,\"signup_sm_ip_address\":\"0.0.0.0\",\"admin_ip_address\":null,\"updated_ip_address\":\"0.0.0.0\",\"deleted_ip_address\":null,\"created_at\":\"2019-03-05 05:58:44\",\"updated_at\":\"2019-03-05 12:46:14\",\"deleted_at\":null})"] 
[2019-03-05 12:46:33] local.INFO: Favorite Streamer Listener: {"Search Query":"starcraft"} 
[2019-03-05 12:46:45] local.ERROR: Server error: `GET https://api.twitch.tv/kraken/search/streams?query=starcraft` resulted in a `503 Service Unavailable` response:
{"error":"Service Unavailable","status":503,"message":""}
 {"userId":2,"email":"starmoshiur@gmail.com","exception":"[object] (GuzzleHttp\\Exception\\ServerException(code: 503): Server error: `GET https://api.twitch.tv/kraken/search/streams?query=starcraft` resulted in a `503 Service Unavailable` response:
{\"error\":\"Service Unavailable\",\"status\":503,\"message\":\"\"}
 at /Users/moshiur/Desktop/Fi_Amanillah/sev-system/vendor/guzzlehttp/guzzle/src/Exception/RequestException.php:113)
[stacktrace]
#0 /Users/moshiur/Desktop/Fi_Amanillah/sev-system/vendor/guzzlehttp/guzzle/src/Middleware.php(66): GuzzleHttp\\Exception\\RequestException::create(Object(GuzzleHttp\\Psr7\\Request), Object(GuzzleHttp\\Psr7\\Response))
#1 /Users/moshiur/Desktop/Fi_Amanillah/sev-system/vendor/guzzlehttp/promises/src/Promise.php(203): GuzzleHttp\\Middleware::GuzzleHttp\\{closure}(Object(GuzzleHttp\\Psr7\\Response))
#2 /Users/moshiur/Desktop/Fi_Amanillah/sev-system/vendor/guzzlehttp/promises/src/Promise.php(156): GuzzleHttp\\Promise\\Promise::callHandler(1, Object(GuzzleHttp\\Psr7\\Response), Array)
#3 /Users/moshiur/Desktop/Fi_Amanillah/sev-system/vendor/guzzlehttp/promises/src/TaskQueue.php(47): GuzzleHttp\\Promise\\Promise::GuzzleHttp\\Promise\\{closure}()
#4 /Users/moshiur/Desktop/Fi_Amanillah/sev-system/vendor/guzzlehttp/promises/src/Promise.php(246): GuzzleHttp\\Promise\\TaskQueue->run(true)
#5 /Users/moshiur/Desktop/Fi_Amanillah/sev-system/vendor/guzzlehttp/promises/src/Promise.php(223): GuzzleHttp\\Promise\\Promise->invokeWaitFn()
#6 /Users/moshiur/Desktop/Fi_Amanillah/sev-system/vendor/guzzlehttp/promises/src/Promise.php(267): GuzzleHttp\\Promise\\Promise->waitIfPending()
#7 /Users/moshiur/Desktop/Fi_Amanillah/sev-system/vendor/guzzlehttp/promises/src/Promise.php(225): GuzzleHttp\\Promise\\Promise->invokeWaitList()
#8 /Users/moshiur/Desktop/Fi_Amanillah/sev-system/vendor/guzzlehttp/promises/src/Promise.php(62): GuzzleHttp\\Promise\\Promise->waitIfPending()
#9 /Users/moshiur/Desktop/Fi_Amanillah/sev-system/vendor/guzzlehttp/guzzle/src/Client.php(131): GuzzleHttp\\Promise\\Promise->wait()
#10 /Users/moshiur/Desktop/Fi_Amanillah/sev-system/vendor/guzzlehttp/guzzle/src/Client.php(89): GuzzleHttp\\Client->request('get', 'https://api.twi...', Array)
#11 /Users/moshiur/Desktop/Fi_Amanillah/sev-system/app/Listeners/SendFavoriteStreamer.php(40): GuzzleHttp\\Client->__call('get', Array)
#12 [internal function]: App\\Listeners\\SendFavoriteStreamer->handle(Object(App\\Events\\SetFavoriteStreamer))
#13 /Users/moshiur/Desktop/Fi_Amanillah/sev-system/vendor/laravel/framework/src/Illuminate/Events/Dispatcher.php(379): call_user_func_array(Array, Array)
#14 /Users/moshiur/Desktop/Fi_Amanillah/sev-system/vendor/laravel/framework/src/Illuminate/Events/Dispatcher.php(209): Illuminate\\Events\\Dispatcher->Illuminate\\Events\\{closure}('App\\\\Events\\\\SetF...', Array)
#15 /Users/moshiur/Desktop/Fi_Amanillah/sev-system/vendor/laravel/framework/src/Illuminate/Foundation/helpers.php(482): Illuminate\\Events\\Dispatcher->dispatch('App\\\\Events\\\\SetF...')
#16 /Users/moshiur/Desktop/Fi_Amanillah/sev-system/app/Http/Controllers/UserController.php(55): event(Object(App\\Events\\SetFavoriteStreamer))
#17 [internal function]: App\\Http\\Controllers\\UserController->search(Object(Illuminate\\Http\\Request))
#18 /Users/moshiur/Desktop/Fi_Amanillah/sev-system/vendor/laravel/framework/src/Illuminate/Routing/Controller.php(54): call_user_func_array(Array, Array)
#19 /Users/moshiur/Desktop/Fi_Amanillah/sev-system/vendor/laravel/framework/src/Illuminate/Routing/ControllerDispatcher.php(45): Illuminate\\Routing\\Controller->callAction('search', Array)
#20 /Users/moshiur/Desktop/Fi_Amanillah/sev-system/vendor/laravel/framework/src/Illuminate/Routing/Route.php(219): Illuminate\\Routing\\ControllerDispatcher->dispatch(Object(Illuminate\\Routing\\Route), Object(App\\Http\\Controllers\\UserController), 'search')
#21 /Users/moshiur/Desktop/Fi_Amanillah/sev-system/vendor/laravel/framework/src/Illuminate/Routing/Route.php(176): Illuminate\\Routing\\Route->runController()
#22 /Users/moshiur/Desktop/Fi_Amanillah/sev-system/vendor/laravel/framework/src/Illuminate/Routing/Router.php(682): Illuminate\\Routing\\Route->run()
#23 /Users/moshiur/Desktop/Fi_Amanillah/sev-system/vendor/laravel/framework/src/Illuminate/Routing/Pipeline.php(30): Illuminate\\Routing\\Router->Illuminate\\Routing\\{closure}(Object(Illuminate\\Http\\Request))
#24 /Users/moshiur/Desktop/Fi_Amanillah/sev-system/app/Http/Middleware/CheckIsUserActivated.php(83): Illuminate\\Routing\\Pipeline->Illuminate\\Routing\\{closure}(Object(Illuminate\\Http\\Request))
#25 /Users/moshiur/Desktop/Fi_Amanillah/sev-system/vendor/laravel/framework/src/Illuminate/Pipeline/Pipeline.php(163): App\\Http\\Middleware\\CheckIsUserActivated->handle(Object(Illuminate\\Http\\Request), Object(Closure))
#26 /Users/moshiur/Desktop/Fi_Amanillah/sev-system/vendor/laravel/framework/src/Illuminate/Routing/Pipeline.php(53): Illuminate\\Pipeline\\Pipeline->Illuminate\\Pipeline\\{closure}(Object(Illuminate\\Http\\Request))
#27 /Users/moshiur/Desktop/Fi_Amanillah/sev-system/vendor/laravel/framework/src/Illuminate/Routing/Middleware/SubstituteBindings.php(41): Illuminate\\Routing\\Pipeline->Illuminate\\Routing\\{closure}(Object(Illuminate\\Http\\Request))
#28 /Users/moshiur/Desktop/Fi_Amanillah/sev-system/vendor/laravel/framework/src/Illuminate/Pipeline/Pipeline.php(163): Illuminate\\Routing\\Middleware\\SubstituteBindings->handle(Object(Illuminate\\Http\\Request), Object(Closure))
#29 /Users/moshiur/Desktop/Fi_Amanillah/sev-system/vendor/laravel/framework/src/Illuminate/Routing/Pipeline.php(53): Illuminate\\Pipeline\\Pipeline->Illuminate\\Pipeline\\{closure}(Object(Illuminate\\Http\\Request))
#30 /Users/moshiur/Desktop/Fi_Amanillah/sev-system/vendor/laravel/framework/src/Illuminate/Auth/Middleware/Authenticate.php(43): Illuminate\\Routing\\Pipeline->Illuminate\\Routing\\{closure}(Object(Illuminate\\Http\\Request))
#31 /Users/moshiur/Desktop/Fi_Amanillah/sev-system/vendor/laravel/framework/src/Illuminate/Pipeline/Pipeline.php(163): Illuminate\\Auth\\Middleware\\Authenticate->handle(Object(Illuminate\\Http\\Request), Object(Closure))
#32 /Users/moshiur/Desktop/Fi_Amanillah/sev-system/vendor/laravel/framework/src/Illuminate/Routing/Pipeline.php(53): Illuminate\\Pipeline\\Pipeline->Illuminate\\Pipeline\\{closure}(Object(Illuminate\\Http\\Request))
#33 /Users/moshiur/Desktop/Fi_Amanillah/sev-system/vendor/laravel/framework/src/Illuminate/Foundation/Http/Middleware/VerifyCsrfToken.php(75): Illuminate\\Routing\\Pipeline->Illuminate\\Routing\\{closure}(Object(Illuminate\\Http\\Request))
#34 /Users/moshiur/Desktop/Fi_Amanillah/sev-system/vendor/laravel/framework/src/Illuminate/Pipeline/Pipeline.php(163): Illuminate\\Foundation\\Http\\Middleware\\VerifyCsrfToken->handle(Object(Illuminate\\Http\\Request), Object(Closure))
#35 /Users/moshiur/Desktop/Fi_Amanillah/sev-system/vendor/laravel/framework/src/Illuminate/Routing/Pipeline.php(53): Illuminate\\Pipeline\\Pipeline->Illuminate\\Pipeline\\{closure}(Object(Illuminate\\Http\\Request))
#36 /Users/moshiur/Desktop/Fi_Amanillah/sev-system/vendor/laravel/framework/src/Illuminate/View/Middleware/ShareErrorsFromSession.php(49): Illuminate\\Routing\\Pipeline->Illuminate\\Routing\\{closure}(Object(Illuminate\\Http\\Request))
#37 /Users/moshiur/Desktop/Fi_Amanillah/sev-system/vendor/laravel/framework/src/Illuminate/Pipeline/Pipeline.php(163): Illuminate\\View\\Middleware\\ShareErrorsFromSession->handle(Object(Illuminate\\Http\\Request), Object(Closure))
#38 /Users/moshiur/Desktop/Fi_Amanillah/sev-system/vendor/laravel/framework/src/Illuminate/Routing/Pipeline.php(53): Illuminate\\Pipeline\\Pipeline->Illuminate\\Pipeline\\{closure}(Object(Illuminate\\Http\\Request))
#39 /Users/moshiur/Desktop/Fi_Amanillah/sev-system/vendor/laravel/framework/src/Illuminate/Session/Middleware/StartSession.php(63): Illuminate\\Routing\\Pipeline->Illuminate\\Routing\\{closure}(Object(Illuminate\\Http\\Request))
#40 /Users/moshiur/Desktop/Fi_Amanillah/sev-system/vendor/laravel/framework/src/Illuminate/Pipeline/Pipeline.php(163): Illuminate\\Session\\Middleware\\StartSession->handle(Object(Illuminate\\Http\\Request), Object(Closure))
#41 /Users/moshiur/Desktop/Fi_Amanillah/sev-system/vendor/laravel/framework/src/Illuminate/Routing/Pipeline.php(53): Illuminate\\Pipeline\\Pipeline->Illuminate\\Pipeline\\{closure}(Object(Illuminate\\Http\\Request))
#42 /Users/moshiur/Desktop/Fi_Amanillah/sev-system/vendor/laravel/framework/src/Illuminate/Cookie/Middleware/AddQueuedCookiesToResponse.php(37): Illuminate\\Routing\\Pipeline->Illuminate\\Routing\\{closure}(Object(Illuminate\\Http\\Request))
#43 /Users/moshiur/Desktop/Fi_Amanillah/sev-system/vendor/laravel/framework/src/Illuminate/Pipeline/Pipeline.php(163): Illuminate\\Cookie\\Middleware\\AddQueuedCookiesToResponse->handle(Object(Illuminate\\Http\\Request), Object(Closure))
#44 /Users/moshiur/Desktop/Fi_Amanillah/sev-system/vendor/laravel/framework/src/Illuminate/Routing/Pipeline.php(53): Illuminate\\Pipeline\\Pipeline->Illuminate\\Pipeline\\{closure}(Object(Illuminate\\Http\\Request))
#45 /Users/moshiur/Desktop/Fi_Amanillah/sev-system/vendor/laravel/framework/src/Illuminate/Cookie/Middleware/EncryptCookies.php(66): Illuminate\\Routing\\Pipeline->Illuminate\\Routing\\{closure}(Object(Illuminate\\Http\\Request))
#46 /Users/moshiur/Desktop/Fi_Amanillah/sev-system/vendor/laravel/framework/src/Illuminate/Pipeline/Pipeline.php(163): Illuminate\\Cookie\\Middleware\\EncryptCookies->handle(Object(Illuminate\\Http\\Request), Object(Closure))
#47 /Users/moshiur/Desktop/Fi_Amanillah/sev-system/vendor/laravel/framework/src/Illuminate/Routing/Pipeline.php(53): Illuminate\\Pipeline\\Pipeline->Illuminate\\Pipeline\\{closure}(Object(Illuminate\\Http\\Request))
#48 /Users/moshiur/Desktop/Fi_Amanillah/sev-system/vendor/laravel/framework/src/Illuminate/Pipeline/Pipeline.php(104): Illuminate\\Routing\\Pipeline->Illuminate\\Routing\\{closure}(Object(Illuminate\\Http\\Request))
#49 /Users/moshiur/Desktop/Fi_Amanillah/sev-system/vendor/laravel/framework/src/Illuminate/Routing/Router.php(684): Illuminate\\Pipeline\\Pipeline->then(Object(Closure))
#50 /Users/moshiur/Desktop/Fi_Amanillah/sev-system/vendor/laravel/framework/src/Illuminate/Routing/Router.php(659): Illuminate\\Routing\\Router->runRouteWithinStack(Object(Illuminate\\Routing\\Route), Object(Illuminate\\Http\\Request))
#51 /Users/moshiur/Desktop/Fi_Amanillah/sev-system/vendor/laravel/framework/src/Illuminate/Routing/Router.php(625): Illuminate\\Routing\\Router->runRoute(Object(Illuminate\\Http\\Request), Object(Illuminate\\Routing\\Route))
#52 /Users/moshiur/Desktop/Fi_Amanillah/sev-system/vendor/laravel/framework/src/Illuminate/Routing/Router.php(614): Illuminate\\Routing\\Router->dispatchToRoute(Object(Illuminate\\Http\\Request))
#53 /Users/moshiur/Desktop/Fi_Amanillah/sev-system/vendor/laravel/framework/src/Illuminate/Foundation/Http/Kernel.php(176): Illuminate\\Routing\\Router->dispatch(Object(Illuminate\\Http\\Request))
#54 /Users/moshiur/Desktop/Fi_Amanillah/sev-system/vendor/laravel/framework/src/Illuminate/Routing/Pipeline.php(30): Illuminate\\Foundation\\Http\\Kernel->Illuminate\\Foundation\\Http\\{closure}(Object(Illuminate\\Http\\Request))
#55 /Users/moshiur/Desktop/Fi_Amanillah/sev-system/vendor/fideloper/proxy/src/TrustProxies.php(57): Illuminate\\Routing\\Pipeline->Illuminate\\Routing\\{closure}(Object(Illuminate\\Http\\Request))
#56 /Users/moshiur/Desktop/Fi_Amanillah/sev-system/vendor/laravel/framework/src/Illuminate/Pipeline/Pipeline.php(163): Fideloper\\Proxy\\TrustProxies->handle(Object(Illuminate\\Http\\Request), Object(Closure))
#57 /Users/moshiur/Desktop/Fi_Amanillah/sev-system/vendor/laravel/framework/src/Illuminate/Routing/Pipeline.php(53): Illuminate\\Pipeline\\Pipeline->Illuminate\\Pipeline\\{closure}(Object(Illuminate\\Http\\Request))
#58 /Users/moshiur/Desktop/Fi_Amanillah/sev-system/vendor/laravel/framework/src/Illuminate/Foundation/Http/Middleware/TransformsRequest.php(31): Illuminate\\Routing\\Pipeline->Illuminate\\Routing\\{closure}(Object(Illuminate\\Http\\Request))
#59 /Users/moshiur/Desktop/Fi_Amanillah/sev-system/vendor/laravel/framework/src/Illuminate/Pipeline/Pipeline.php(163): Illuminate\\Foundation\\Http\\Middleware\\TransformsRequest->handle(Object(Illuminate\\Http\\Request), Object(Closure))
#60 /Users/moshiur/Desktop/Fi_Amanillah/sev-system/vendor/laravel/framework/src/Illuminate/Routing/Pipeline.php(53): Illuminate\\Pipeline\\Pipeline->Illuminate\\Pipeline\\{closure}(Object(Illuminate\\Http\\Request))
#61 /Users/moshiur/Desktop/Fi_Amanillah/sev-system/vendor/laravel/framework/src/Illuminate/Foundation/Http/Middleware/TransformsRequest.php(31): Illuminate\\Routing\\Pipeline->Illuminate\\Routing\\{closure}(Object(Illuminate\\Http\\Request))
#62 /Users/moshiur/Desktop/Fi_Amanillah/sev-system/vendor/laravel/framework/src/Illuminate/Pipeline/Pipeline.php(163): Illuminate\\Foundation\\Http\\Middleware\\TransformsRequest->handle(Object(Illuminate\\Http\\Request), Object(Closure))
#63 /Users/moshiur/Desktop/Fi_Amanillah/sev-system/vendor/laravel/framework/src/Illuminate/Routing/Pipeline.php(53): Illuminate\\Pipeline\\Pipeline->Illuminate\\Pipeline\\{closure}(Object(Illuminate\\Http\\Request))
#64 /Users/moshiur/Desktop/Fi_Amanillah/sev-system/vendor/laravel/framework/src/Illuminate/Foundation/Http/Middleware/ValidatePostSize.php(27): Illuminate\\Routing\\Pipeline->Illuminate\\Routing\\{closure}(Object(Illuminate\\Http\\Request))
#65 /Users/moshiur/Desktop/Fi_Amanillah/sev-system/vendor/laravel/framework/src/Illuminate/Pipeline/Pipeline.php(163): Illuminate\\Foundation\\Http\\Middleware\\ValidatePostSize->handle(Object(Illuminate\\Http\\Request), Object(Closure))
#66 /Users/moshiur/Desktop/Fi_Amanillah/sev-system/vendor/laravel/framework/src/Illuminate/Routing/Pipeline.php(53): Illuminate\\Pipeline\\Pipeline->Illuminate\\Pipeline\\{closure}(Object(Illuminate\\Http\\Request))
#67 /Users/moshiur/Desktop/Fi_Amanillah/sev-system/vendor/laravel/framework/src/Illuminate/Foundation/Http/Middleware/CheckForMaintenanceMode.php(62): Illuminate\\Routing\\Pipeline->Illuminate\\Routing\\{closure}(Object(Illuminate\\Http\\Request))
#68 /Users/moshiur/Desktop/Fi_Amanillah/sev-system/vendor/laravel/framework/src/Illuminate/Pipeline/Pipeline.php(163): Illuminate\\Foundation\\Http\\Middleware\\CheckForMaintenanceMode->handle(Object(Illuminate\\Http\\Request), Object(Closure))
#69 /Users/moshiur/Desktop/Fi_Amanillah/sev-system/vendor/laravel/framework/src/Illuminate/Routing/Pipeline.php(53): Illuminate\\Pipeline\\Pipeline->Illuminate\\Pipeline\\{closure}(Object(Illuminate\\Http\\Request))
#70 /Users/moshiur/Desktop/Fi_Amanillah/sev-system/vendor/laravel/framework/src/Illuminate/Pipeline/Pipeline.php(104): Illuminate\\Routing\\Pipeline->Illuminate\\Routing\\{closure}(Object(Illuminate\\Http\\Request))
#71 /Users/moshiur/Desktop/Fi_Amanillah/sev-system/vendor/laravel/framework/src/Illuminate/Foundation/Http/Kernel.php(151): Illuminate\\Pipeline\\Pipeline->then(Object(Closure))
#72 /Users/moshiur/Desktop/Fi_Amanillah/sev-system/vendor/laravel/framework/src/Illuminate/Foundation/Http/Kernel.php(116): Illuminate\\Foundation\\Http\\Kernel->sendRequestThroughRouter(Object(Illuminate\\Http\\Request))
#73 /Users/moshiur/Desktop/Fi_Amanillah/sev-system/public/index.php(52): Illuminate\\Foundation\\Http\\Kernel->handle(Object(Illuminate\\Http\\Request))
#74 /Users/moshiur/Desktop/Fi_Amanillah/sev-system/server.php(19): require_once('/Users/moshiur/...')
#75 {main}
"} 
[2019-03-05 12:49:05] local.INFO: Favorite Streamer Listener: {"Search Query":"starcraft"} 
[2019-03-05 12:49:08] local.INFO: CheckCurrentUser middlware was used: .  ["[object] (App\\Models\\User: {\"id\":2,\"name\":\"vorusrm\",\"first_name\":\"vorusrm\",\"last_name\":\"\",\"email\":\"starmoshiur@gmail.com\",\"signup_ip_address\":null,\"signup_confirmation_ip_address\":null,\"signup_sm_ip_address\":\"0.0.0.0\",\"admin_ip_address\":null,\"updated_ip_address\":\"0.0.0.0\",\"deleted_ip_address\":null,\"created_at\":\"2019-03-05 05:58:44\",\"updated_at\":\"2019-03-05 12:46:14\",\"deleted_at\":null})"] 
[2019-03-05 12:49:33] local.INFO: CheckCurrentUser middlware was used: .  ["[object] (App\\Models\\User: {\"id\":2,\"name\":\"vorusrm\",\"first_name\":\"vorusrm\",\"last_name\":\"\",\"email\":\"starmoshiur@gmail.com\",\"signup_ip_address\":null,\"signup_confirmation_ip_address\":null,\"signup_sm_ip_address\":\"0.0.0.0\",\"admin_ip_address\":null,\"updated_ip_address\":\"0.0.0.0\",\"deleted_ip_address\":null,\"created_at\":\"2019-03-05 05:58:44\",\"updated_at\":\"2019-03-05 12:46:14\",\"deleted_at\":null})"] 
[2019-03-05 12:50:42] local.INFO: User Logged Out.  ["[object] (App\\Models\\User: {\"id\":2,\"name\":\"vorusrm\",\"first_name\":\"vorusrm\",\"last_name\":\"\",\"email\":\"starmoshiur@gmail.com\",\"signup_ip_address\":null,\"signup_confirmation_ip_address\":null,\"signup_sm_ip_address\":\"0.0.0.0\",\"admin_ip_address\":null,\"updated_ip_address\":\"0.0.0.0\",\"deleted_ip_address\":null,\"created_at\":\"2019-03-05 05:58:44\",\"updated_at\":\"2019-03-05 12:46:14\",\"deleted_at\":null})"] 
